生成启动时间为 2014/2/6 21:16:20。
     1>项目“E:\c\osg\png\MergePng\MergePng.vcxproj”在节点 2 上(build 个目标)。
     1>InitializeBuildStatus:
         正在创建“Release\MergePng.unsuccessfulbuild”，因为已指定“AlwaysCreate”。
       ClCompile:
         C:\Program Files (x86)\Microsoft Visual Studio 10.0\VC\bin\CL.exe /c /Zi /nologo /W3 /WX- /O2 /Oi /Oy- /GL /D WIN32 /D NDEBUG /D _CONSOLE /D _UNICODE /D UNICODE /Gm- /EHsc /MD /GS /Gy /fp:precise /Zc:wchar_t /Zc:forScope /Fo"Release\\" /Fd"Release\vc100.pdb" /Gd /TP /analyze- /errorReport:prompt main.cpp
         main.cpp
       Link:
         C:\Program Files (x86)\Microsoft Visual Studio 10.0\VC\bin\link.exe /ERRORREPORT:PROMPT /OUT:"E:\c\osg\png\MergePng\Release\MergePng.exe" /INCREMENTAL:NO /NOLOGO libpng16.lib zlib.lib kernel32.lib user32.lib gdi32.lib winspool.lib comdlg32.lib advapi32.lib shell32.lib ole32.lib oleaut32.lib uuid.lib odbc32.lib odbccp32.lib kernel32.lib user32.lib gdi32.lib winspool.lib comdlg32.lib advapi32.lib shell32.lib ole32.lib oleaut32.lib uuid.lib odbc32.lib odbccp32.lib /MANIFEST /ManifestFile:"Release\MergePng.exe.intermediate.manifest" /MANIFESTUAC:"level='asInvoker' uiAccess='false'" /DEBUG /PDB:"E:\c\osg\png\MergePng\Release\MergePng.pdb" /SUBSYSTEM:CONSOLE /OPT:REF /OPT:ICF /LTCG /TLBID:1 /DYNAMICBASE /NXCOMPAT /IMPLIB:"E:\c\osg\png\MergePng\Release\MergePng.lib" /MACHINE:X86 Release\main.obj
         正在生成代码
         已完成代码的生成
         MergePng.vcxproj -> E:\c\osg\png\MergePng\Release\MergePng.exe
       Manifest:
         C:\Program Files (x86)\Microsoft SDKs\Windows\v7.0A\bin\mt.exe /nologo /verbose /outputresource:"E:\c\osg\png\MergePng\Release\MergePng.exe;#1" /manifest Release\MergePng.exe.intermediate.manifest
       FinalizeBuildStatus:
         正在删除文件“Release\MergePng.unsuccessfulbuild”。
         正在对“Release\MergePng.lastbuildstate”执行 Touch 任务。
     1>已完成生成项目“E:\c\osg\png\MergePng\MergePng.vcxproj”(build 个目标)的操作。

生成成功。

已用时间 00:00:00.63
